[12:42:04] This is prokka 1.14.6
[12:42:04] Written by Torsten Seemann <torsten.seemann@gmail.com>
[12:42:04] Homepage is https://github.com/tseemann/prokka
[12:42:04] Local time is Sun Nov  8 12:42:04 2020
[12:42:04] You are root
[12:42:04] Operating system is linux
[12:42:04] You have BioPerl 1.007002
[12:42:04] System has 64 cores.
[12:42:04] Will use maximum of 64 cores.
[12:42:04] Annotating as >>> Bacteria <<<
[12:42:04] Generating locus_tag from 'assembly/assembly.fasta' contents.
[12:42:04] Setting --locustag PDJKFJDK from MD5 9d34f3d48b2ae28a5f3eaabf337db4c3
[12:42:04] Creating new output folder: prokkaResults
[12:42:04] Running: mkdir -p prokkaResults
[12:42:04] Using filename prefix: PROKKA_11082020.XXX
[12:42:04] Setting HMMER_NCPU=1
[12:42:04] Writing log to: prokkaResults/PROKKA_11082020.log
[12:42:04] Command: /root/miniconda3/bin/prokka --outdir prokkaResults --genus Methylorubrum --strain Q1 --cpus 64 assembly/assembly.fasta
[12:42:04] Appending to PATH: /root/miniconda3/bin
[12:42:04] Looking for 'aragorn' - found /root/miniconda3/bin/aragorn
[12:42:04] Determined aragorn version is 001002 from 'ARAGORN v1.2.38 Dean Laslett'
[12:42:04] Looking for 'barrnap' - found /root/miniconda3/bin/barrnap
[12:42:04] Determined barrnap version is 000009 from 'barrnap 0.9'
[12:42:04] Looking for 'blastp' - found /root/miniconda3/bin/blastp
[12:42:05] Determined blastp version is 002010 from 'blastp: 2.10.1+'
[12:42:05] Looking for 'cmpress' - found /root/miniconda3/bin/cmpress
[12:42:05] Determined cmpress version is 001001 from '# INFERNAL 1.1.3 (Nov 2019)'
[12:42:05] Looking for 'cmscan' - found /root/miniconda3/bin/cmscan
[12:42:05] Determined cmscan version is 001001 from '# INFERNAL 1.1.3 (Nov 2019)'
[12:42:05] Looking for 'egrep' - found /bin/egrep
[12:42:05] Looking for 'find' - found /usr/bin/find
[12:42:05] Looking for 'grep' - found /bin/grep
[12:42:05] Looking for 'hmmpress' - found /root/miniconda3/bin/hmmpress
[12:42:05] Determined hmmpress version is 003003 from '# HMMER 3.3.1 (Jul 2020); http://hmmer.org/'
[12:42:05] Looking for 'hmmscan' - found /root/miniconda3/bin/hmmscan
[12:42:05] Determined hmmscan version is 003003 from '# HMMER 3.3.1 (Jul 2020); http://hmmer.org/'
[12:42:05] Looking for 'java' - found /root/miniconda3/bin/java
[12:42:05] Looking for 'makeblastdb' - found /root/miniconda3/bin/makeblastdb
[12:42:05] Determined makeblastdb version is 002010 from 'makeblastdb: 2.10.1+'
[12:42:05] Looking for 'minced' - found /root/miniconda3/bin/minced
[12:42:05] Determined minced version is 004002 from 'minced 0.4.2'
[12:42:05] Looking for 'parallel' - found /root/miniconda3/bin/parallel
[12:42:05] Determined parallel version is 20200522 from 'GNU parallel 20200522'
[12:42:05] Looking for 'prodigal' - found /root/miniconda3/bin/prodigal
[12:42:05] Determined prodigal version is 002006 from 'Prodigal V2.6.3: February, 2016'
[12:42:05] Looking for 'prokka-genbank_to_fasta_db' - found /root/miniconda3/bin/prokka-genbank_to_fasta_db
[12:42:05] Looking for 'sed' - found /bin/sed
[12:42:05] Looking for 'tbl2asn' - found /root/miniconda3/bin/tbl2asn
[12:42:05] Determined tbl2asn version is 025007 from 'tbl2asn 25.7   arguments:'
[12:42:05] Using genetic code table 11.
[12:42:05] Loading and checking input file: assembly/assembly.fasta
[12:42:05] Wrote 118 contigs totalling 5525056 bp.
[12:42:05] Predicting tRNAs and tmRNAs
[12:42:05] Running: aragorn -l -gc11  -w prokkaResults\/PROKKA_11082020\.fna
[12:42:09] 1 tRNA-Leu c[27590,27676] 35 (taa)
[12:42:09] 2 tRNA-Leu [326472,326556] 35 (tag)
[12:42:09] 3 tRNA-Val [333220,333295] 34 (tac)
[12:42:09] 4 tRNA-Ala [361285,361360] 34 (ggc)
[12:42:09] 1 tRNA-Gly c[18190,18264] 33 (ccc)
[12:42:09] 2 tRNA-Ser [36528,36606] 34 (cga)
[12:42:09] 3 tRNA-Phe c[172381,172451] 31 (gaa)
[12:42:09] tRNA c[237710,237800] is a pseudo/wacky gene - skipping.
[12:42:09] 1 tRNA-Leu [106144,106228] 35 (gag)
[12:42:09] 1 tRNA-Pro c[151354,151430] 35 (tgg)
[12:42:09] 2 tRNA-Leu [243590,243681] 37 (cag)
[12:42:09] 1 tRNA-Pro c[13672,13748] 35 (ggg)
[12:42:09] 1 tRNA-Arg c[148255,148331] 35 (acg)
[12:42:09] 2 tRNA-Pro c[148377,148453] 35 (cgg)
[12:42:09] 1 tRNA-Gly [12613,12686] 33 (tcc)
[12:42:09] 2 tRNA-Ser c[151542,151634] 35 (gct)
[12:42:09] 1 tRNA-Lys c[27712,27787] 34 (ctt)
[12:42:09] 2 tRNA-Asn c[188501,188576] 34 (gtt)
[12:42:09] 3 tRNA-Cys [188820,188893] 33 (gca)
[12:42:09] 1 tRNA-Tyr [25261,25344] 35 (gta)
[12:42:09] 2 tRNA-His c[46585,46661] 35 (gtg)
[12:42:09] 1 tRNA-Ala c[8650,8725] 34 (cgc)
[12:42:09] 1 tRNA-Phe c[91442,91517] 34 (gaa)
[12:42:09] 2 tRNA-Thr [92662,92737] 34 (cgt)
[12:42:09] 1 tRNA-Val c[140802,140876] 33 (gac)
[12:42:09] 1 tmRNA* c[92840,93193] 225,263 ANDNFAPVAVAA*
[12:42:09] 2 tRNA-Ala c[101661,101753] 32 (ggc)
[12:42:09] 1 tRNA-Asp c[49116,49192] 35 (gtc)
[12:42:09] 1 tRNA-Met c[4488,4563] 34 (cat)
[12:42:09] 2 tRNA-Ser [108913,109002] 35 (tga)
[12:42:09] 1 tRNA-Gln [44511,44584] 33 (ctg)
[12:42:09] 2 tRNA-Leu [68376,68460] 35 (cag)
[12:42:09] 3 tRNA-Gln [75679,75753] 33 (ttg)
[12:42:09] 1 tRNA-Thr [39169,39244] 34 (tgt)
[12:42:09] 1 tRNA-Glu c[1738,1813] 35 (ctc)
[12:42:09] 1 tRNA-Thr c[13063,13137] 33 (ggt)
[12:42:09] 2 tRNA-Met c[55783,55859] 35 (cat)
[12:42:09] 3 tRNA-Glu [64691,64765] 34 (ttc)
[12:42:09] 1 tRNA-Pro [7293,7366] 33 (cgg)
[12:42:09] 1 tRNA-Ser c[14629,14718] 35 (cga)
[12:42:09] 2 tRNA-Val c[25771,25845] 33 (cac)
[12:42:09] 1 tRNA-Trp c[46454,46530] 35 (cca)
[12:42:09] 1 tRNA-Gly c[25243,25317] 33 (gcc)
[12:42:09] 1 tRNA-Leu c[22711,22795] 35 (caa)
[12:42:09] 2 tRNA-Ser [35972,36061] 35 (gga)
[12:42:09] 1 tRNA-Arg [899,975] 35 (ccg)
[12:42:09] 1 tRNA-Ile [2117,2193] 35 (gat)
[12:42:09] 2 tRNA-Ala [2200,2275] 34 (tgc)
[12:42:09] 3 tRNA-Met [5712,5788] 35 (cat)
[12:42:09] 1 tRNA-Arg [1011,1087] 35 (tct)
[12:42:09] 1 tRNA-Pro [89,169] 39 (cgg)
[12:42:09] Found 50 tRNAs
[12:42:09] Predicting Ribosomal RNAs
[12:42:09] Running Barrnap with 64 threads
[12:42:10] 1 62 435 16S ribosomal RNA
[12:42:10] 2 62 2589 23S ribosomal RNA
[12:42:10] 3 62 5517 5S ribosomal RNA
[12:42:10] Found 3 rRNAs
[12:42:10] Skipping ncRNA search, enable with --rfam if desired.
[12:42:10] Total of 52 tRNA + rRNA features
[12:42:10] Searching for CRISPR repeats
[12:42:10] Found 0 CRISPRs
[12:42:10] Predicting coding sequences
[12:42:10] Contigs total 5525056 bp, so using single mode
[12:42:10] Running: prodigal -i prokkaResults\/PROKKA_11082020\.fna -c -m -g 11 -p single -f sco -q
[12:42:15] Excluding CDS which overlaps existing RNA (tRNA) at 2:35359..36699 on - strand
[12:42:15] Excluding CDS which overlaps existing RNA (tRNA) at 2:171840..172526 on - strand
[12:42:15] Excluding CDS which overlaps existing RNA (tRNA) at 4:242558..243892 on - strand
[12:42:16] Excluding CDS which overlaps existing RNA (tRNA) at 17:100876..101829 on + strand
[12:42:17] Excluding CDS which overlaps existing RNA (tRNA) at 29:6938..8239 on - strand
[12:42:17] Found 4996 CDS
[12:42:17] Connecting features back to sequences
[12:42:17] Not using genus-specific database. Try --usegenus to enable it.
[12:42:17] Annotating CDS, please be patient.
[12:42:17] Will use 64 CPUs for similarity searching.
[12:42:18] There are still 4996 unannotated CDS left (started with 4996)
[12:42:18] Will use blast to search against /root/miniconda3/db/kingdom/Bacteria/IS with 64 CPUs
[12:42:18] Running: cat prokkaResults\/PROKKA_11082020\.IS\.tmp\.4015\.faa | parallel --gnu --plain -j 64 --block 12352 --recstart '>' --pipe blastp -query - -db /root/miniconda3/db/kingdom/Bacteria/IS -evalue 1e-30 -qcov_hsp_perc 90 -num_threads 1 -num_descriptions 1 -num_alignments 1 -seg no > prokkaResults\/PROKKA_11082020\.IS\.tmp\.4015\.blast 2> /dev/null
[12:42:23] Deleting unwanted file: prokkaResults/PROKKA_11082020.IS.tmp.4015.faa
[12:42:23] Deleting unwanted file: prokkaResults/PROKKA_11082020.IS.tmp.4015.blast
[12:42:23] There are still 4928 unannotated CDS left (started with 4996)
[12:42:23] Will use blast to search against /root/miniconda3/db/kingdom/Bacteria/AMR with 64 CPUs
[12:42:23] Running: cat prokkaResults\/PROKKA_11082020\.AMR\.tmp\.4015\.faa | parallel --gnu --plain -j 64 --block 12236 --recstart '>' --pipe blastp -query - -db /root/miniconda3/db/kingdom/Bacteria/AMR -evalue 9.99999999999999e-301 -qcov_hsp_perc 90 -num_threads 1 -num_descriptions 1 -num_alignments 1 -seg no > prokkaResults\/PROKKA_11082020\.AMR\.tmp\.4015\.blast 2> /dev/null
[12:42:27] Deleting unwanted file: prokkaResults/PROKKA_11082020.AMR.tmp.4015.faa
[12:42:27] Deleting unwanted file: prokkaResults/PROKKA_11082020.AMR.tmp.4015.blast
[12:42:28] There are still 4927 unannotated CDS left (started with 4996)
[12:42:28] Will use blast to search against /root/miniconda3/db/kingdom/Bacteria/sprot with 64 CPUs
[12:42:28] Running: cat prokkaResults\/PROKKA_11082020\.sprot\.tmp\.4015\.faa | parallel --gnu --plain -j 64 --block 12228 --recstart '>' --pipe blastp -query - -db /root/miniconda3/db/kingdom/Bacteria/sprot -evalue 1e-09 -qcov_hsp_perc 80 -num_threads 1 -num_descriptions 1 -num_alignments 1 -seg no > prokkaResults\/PROKKA_11082020\.sprot\.tmp\.4015\.blast 2> /dev/null
[12:42:37] Modify product: UPF0758 protein => hypothetical protein
[12:42:37] Modify product: Uncharacterized protein Rv2411c => putative protein
[12:42:37] Modify product: Uncharacterized protein Rv2569c => putative protein
[12:42:37] Modify product: UPF0053 inner membrane protein YtfL => hypothetical protein
[12:42:37] Modify product: UPF0434 protein NMA0874 => hypothetical protein
[12:42:37] Modify product: Uncharacterized NTE family protein Rv1063c => putative NTE family protein
[12:42:37] Modify product: Uncharacterized zinc protease Rv2782c => putative zinc protease
[12:42:37] Modify product: Uncharacterized protein YcbX => putative protein YcbX
[12:42:37] Modify product: Probable GTP-binding protein EngB => putative GTP-binding protein EngB
[12:42:37] Modify product: Uncharacterized ABC transporter ATP-binding protein TM_0288 => putative ABC transporter ATP-binding protein
[12:42:37] Modify product: Uncharacterized amino acid permease YhdG => putative amino acid permease YhdG
[12:42:37] Modify product: Uncharacterized membrane protein Rv2637 => putative membrane protein
[12:42:37] Modify product: Probable transcriptional regulatory protein pdtaR => putative transcriptional regulatory protein pdtaR
[12:42:37] Modify product: Probable ketoamine kinase SAOUHSC_02908 => putative ketoamine kinase
[12:42:37] Modify product: Probable adenylyltransferase/sulfurtransferase MoeZ => putative adenylyltransferase/sulfurtransferase MoeZ
[12:42:37] Modify product: UPF0073 inner membrane protein YqfA => hypothetical protein
[12:42:37] Modify product: Uncharacterized protein YehL => putative protein YehL
[12:42:37] Modify product: Putative transport protein Rv0205 => Putative transport protein
[12:42:37] Modify product: Uncharacterized FAD-linked oxidoreductase Rv2280 => putative FAD-linked oxidoreductase
[12:42:37] Modify product: Probable TonB-dependent receptor NMB0964 => putative TonB-dependent receptor
[12:42:37] Modify product: Uncharacterized oxidoreductase YciK => putative oxidoreductase YciK
[12:42:37] Modify product: Uncharacterized amino acid permease YhdG => putative amino acid permease YhdG
[12:42:37] Modify product: Probable methylmalonyl-CoA mutase large subunit => putative methylmalonyl-CoA mutase large subunit
[12:42:37] Modify product: UPF0056 inner membrane protein MarC => hypothetical protein
[12:42:37] Modify product: Uncharacterized methyltransferase YcgJ => putative methyltransferase YcgJ
[12:42:37] Modify product: Uncharacterized protein HI_1163 => putative protein
[12:42:37] Modify product: Uncharacterized ABC transporter ATP-binding protein YheS => putative ABC transporter ATP-binding protein YheS
[12:42:37] Modify product: Uncharacterized aminopeptidase Rv1333 => putative aminopeptidase
[12:42:37] Modify product: Probable peptidoglycan glycosyltransferase FtsW => putative peptidoglycan glycosyltransferase FtsW
[12:42:37] Modify product: UPF0053 inner membrane protein YoaE => hypothetical protein
[12:42:37] Modify product: Probable chaperone CsaA => putative chaperone CsaA
[12:42:37] Modify product: Glycogen operon protein GlgX homolog => Glycogen operon protein GlgX 
[12:42:37] Modify product: Probable 3-hydroxybutyryl-CoA dehydrogenase => putative 3-hydroxybutyryl-CoA dehydrogenase
[12:42:37] Modify product: Uncharacterized oxidoreductase SA2266 => putative oxidoreductase
[12:42:37] Modify product: Putative acyltransferase Rv0859 => Putative acyltransferase
[12:42:37] Modify product: Virulence protein STM3117 => Virulence protein
[12:42:37] Modify product: Uncharacterized HTH-type transcriptional regulator BA_1941/GBAA_1941/BAS1801 => putative HTH-type transcriptional regulator/GBAA_1941/BAS1801
[12:42:37] Modify product: Probable bifunctional transcriptional activator/DNA repair enzyme AlkA => putative bifunctional transcriptional activator/DNA repair enzyme AlkA
[12:42:37] Modify product: Probable succinyl-CoA:3-ketoacid coenzyme A transferase subunit A => putative succinyl-CoA:3-ketoacid coenzyme A transferase subunit A
[12:42:37] Modify product: Probable succinyl-CoA:3-ketoacid coenzyme A transferase subunit B => putative succinyl-CoA:3-ketoacid coenzyme A transferase subunit B
[12:42:37] Modify product: Uncharacterized protein Rv1276c => putative protein
[12:42:37] Modify product: Probable sulfoacetate transporter SauU => putative sulfoacetate transporter SauU
[12:42:37] Modify product: Uncharacterized metal-dependent hydrolase YcfH => putative metal-dependent hydrolase YcfH
[12:42:37] Modify product: Uncharacterized protein Rv0887c => putative protein
[12:42:37] Modify product: Probable L,D-transpeptidase ErfK/SrfK => putative L,D-transpeptidase ErfK/SrfK
[12:42:37] Modify product: UPF0335 protein CCNA_03428 => hypothetical protein
[12:42:37] Modify product: Uncharacterized periplasmic iron-binding protein HI_0362 => putative periplasmic iron-binding protein
[12:42:37] Modify product: Methyl-accepting chemotaxis protein Amb0994 => Methyl-accepting chemotaxis protein
[12:42:37] Modify product: Probable membrane transporter protein YfcA => putative membrane transporter protein YfcA
[12:42:37] Modify product: Probable RNA polymerase sigma factor FecI => putative RNA polymerase sigma factor FecI
[12:42:37] Modify product: Probable D,D-dipeptide transport system permease protein DdpC => putative D,D-dipeptide transport system permease protein DdpC
[12:42:38] Modify product: Putative hydrolase MSMEG_3995/MSMEI_3903 => Putative hydrolase/MSMEI_3903
[12:42:38] Modify product: Methyl-accepting chemotaxis protein Amb2333 => Methyl-accepting chemotaxis protein
[12:42:38] Modify product: Probable ATP synthase YscN => putative ATP synthase YscN
[12:42:38] Modify product: Probable nicotinate-nucleotide pyrophosphorylase [carboxylating] => putative nicotinate-nucleotide pyrophosphorylase [carboxylating]
[12:42:38] Modify product: Probable L,D-transpeptidase ErfK/SrfK => putative L,D-transpeptidase ErfK/SrfK
[12:42:38] Modify product: Uncharacterized MFS-type transporter Rv2456c => putative MFS-type transporter
[12:42:38] Modify product: UPF0056 inner membrane protein MarC => hypothetical protein
[12:42:38] Modify product: Glycogen operon protein GlgX homolog => Glycogen operon protein GlgX 
[12:42:38] Modify product: Uncharacterized MFS-type transporter Rv2456c => putative MFS-type transporter
[12:42:38] Modify product: Putative multidrug export ATP-binding/permease protein SAV1866 => Putative multidrug export ATP-binding/permease protein
[12:42:38] Modify product: Uncharacterized HTH-type transcriptional regulator YxaF => putative HTH-type transcriptional regulator YxaF
[12:42:38] Modify product: Nucleoid-associated protein HI_0442 => Nucleoid-associated protein
[12:42:38] Modify product: Uncharacterized acyl-CoA thioester hydrolase HI_0827 => putative acyl-CoA thioester hydrolase
[12:42:38] Modify product: Uncharacterized ABC transporter ATP-binding protein YejF => putative ABC transporter ATP-binding protein YejF
[12:42:38] Modify product: Probable L,D-transpeptidase YbiS => putative L,D-transpeptidase YbiS
[12:42:38] Modify product: UPF0339 protein NMB1088 => hypothetical protein
[12:42:38] Modify product: Uncharacterized acyl-CoA thioester hydrolase HI_0827 => putative acyl-CoA thioester hydrolase
[12:42:38] Modify product: UPF0301 protein VC_0467 => hypothetical protein
[12:42:38] Modify product: Uncharacterized protein Rv2568c => putative protein
[12:42:38] Modify product: Leu/Ile/Val-binding protein homolog 3 => Leu/Ile/Val-binding protein 
[12:42:38] Modify product: Uncharacterized symporter YodF => putative symporter YodF
[12:42:38] Modify product: Putative formate dehydrogenase SA2102 => Putative formate dehydrogenase
[12:42:38] Modify product: Uncharacterized protein Rv1367c => putative protein
[12:42:38] Modify product: Uncharacterized signaling protein PA1727 => putative signaling protein
[12:42:38] Modify product: 60 kDa SS-A/Ro ribonucleoprotein homolog => 60 kDa SS-A/Ro ribonucleoprotein 
[12:42:38] Modify product: Probable 3-phenylpropionic acid transporter => putative 3-phenylpropionic acid transporter
[12:42:38] Modify product: Probable ribonucleotide transport ATP-binding protein mkl => putative ribonucleotide transport ATP-binding protein mkl
[12:42:38] Modify product: Probable RNA polymerase sigma factor FecI => putative RNA polymerase sigma factor FecI
[12:42:38] Modify product: Probable hydrolase YcaC => putative hydrolase YcaC
[12:42:38] Modify product: UPF0102 protein RPA0323 => hypothetical protein
[12:42:38] Modify product: Uncharacterized ABC transporter ATP-binding protein YadG => putative ABC transporter ATP-binding protein YadG
[12:42:38] Modify product: Uncharacterized protein YcjX => putative protein YcjX
[12:42:38] Modify product: UPF0719 inner membrane protein YjfL => hypothetical protein
[12:42:38] Modify product: UPF0178 protein YaiI => hypothetical protein
[12:42:38] Modify product: Purine-binding protein BAB2_0673 => Purine-binding protein
[12:42:38] Modify product: Probable riboflavin import permease protein RfuD => putative riboflavin import permease protein RfuD
[12:42:38] Modify product: Purine-binding protein BAB2_0673 => Purine-binding protein
[12:42:38] Modify product: Uncharacterized zinc protease Rv2782c => putative zinc protease
[12:42:38] Modify product: Probable transporter SCO4007 => putative transporter
[12:42:38] Modify product: Phosphate-specific transport system accessory protein PhoU homolog => Phosphate-specific transport system accessory protein PhoU 
[12:42:38] Modify product: Probable N-methylproline demethylase => putative N-methylproline demethylase
[12:42:38] Modify product: Probable iron-sulfur-binding oxidoreductase FadF => putative iron-sulfur-binding oxidoreductase FadF
[12:42:38] Modify product: Probable FMNH2-dependent monooxygenase SfnC => putative FMNH2-dependent monooxygenase SfnC
[12:42:38] Modify product: Uncharacterized ABC transporter ATP-binding protein HI_1470 => putative ABC transporter ATP-binding protein
[12:42:38] Modify product: Probable ABC transporter permease protein HI_1471 => putative ABC transporter permease protein
[12:42:38] Modify product: Uncharacterized protein HI_1472 => putative protein
[12:42:38] Modify product: Probable membrane transporter protein XF_0764 => putative membrane transporter protein
[12:42:38] Modify product: Solute-binding protein Rfer_1840 => Solute-binding protein
[12:42:38] Modify product: Uncharacterized oxidoreductase MSMEG_2408/MSMEI_2347 => putative oxidoreductase/MSMEI_2347
[12:42:38] Modify product: Probable TonB-dependent receptor BfrD => putative TonB-dependent receptor BfrD
[12:42:38] Modify product: Putative multidrug export ATP-binding/permease protein SAV1866 => Putative multidrug export ATP-binding/permease protein
[12:42:38] Modify product: UPF0701 protein HI_0467 => hypothetical protein
[12:42:38] Modify product: Uncharacterized RNA pseudouridine synthase Rv1540 => putative RNA pseudouridine synthase
[12:42:38] Modify product: UPF0060 membrane protein YnfA => hypothetical protein
[12:42:38] Modify product: Uncharacterized protein YqeY => putative protein YqeY
[12:42:38] Modify product: Putative multidrug export ATP-binding/permease protein SAV1866 => Putative multidrug export ATP-binding/permease protein
[12:42:38] Modify product: Putative aminotransferase MSMEG_6286/MSMEI_6121 => Putative aminotransferase/MSMEI_6121
[12:42:38] Modify product: Probable secretion system apparatus ATP synthase SsaN => putative secretion system apparatus ATP synthase SsaN
[12:42:38] Modify product: Probable enoyl-CoA hydratase echA8 => putative enoyl-CoA hydratase echA8
[12:42:38] Modify product: Probable efflux pump membrane transporter TtgB => putative efflux pump membrane transporter TtgB
[12:42:38] Modify product: Probable TonB-dependent receptor NMB0964 => putative TonB-dependent receptor
[12:42:38] Modify product: Uncharacterized signaling protein CC_0091 => putative signaling protein
[12:42:38] Modify product: Uncharacterized amino acid permease YhdG => putative amino acid permease YhdG
[12:42:38] Modify product: Probable TonB-dependent receptor BfrD => putative TonB-dependent receptor BfrD
[12:42:38] Modify product: Probable zinc-binding alcohol dehydrogenase Rv1895 => putative zinc-binding alcohol dehydrogenase
[12:42:38] Modify product: Uncharacterized oxidoreductase MSMEG_2408/MSMEI_2347 => putative oxidoreductase/MSMEI_2347
[12:42:38] Modify product: Zinc-type alcohol dehydrogenase-like protein SA1988 => Zinc-type alcohol dehydrogenase-like protein
[12:42:38] Modify product: Probable GTPase Rv1496 => putative GTPase
[12:42:38] Modify product: Potassium channel Cha6605_3372 => Potassium channel
[12:42:38] Modify product: S-adenosyl-L-methionine-binding protein RPA0152 => S-adenosyl-L-methionine-binding protein
[12:42:38] Modify product: Urea transporter DVU1160 => Urea transporter
[12:42:38] Modify product: Uncharacterized protein RP812 => putative protein RP812
[12:42:38] Modify product: Uncharacterized protein Rv2715 => putative protein
[12:42:38] Modify product: Nitrilase bll6402 => Nitrilase
[12:42:38] Modify product: UPF0394 membrane protein XF_0765 => hypothetical protein
[12:42:38] Modify product: UPF0394 membrane protein XF_0766 => hypothetical protein
[12:42:38] Modify product: Probable transcriptional regulatory protein DVU_2259 => putative transcriptional regulatory protein
[12:42:39] Modify product: UPF0098 protein CT_736 => hypothetical protein
[12:42:39] Modify product: Probable FMNH2-dependent monooxygenase SfnC => putative FMNH2-dependent monooxygenase SfnC
[12:42:39] Modify product: Uncharacterized GST-like protein YibF => putative GST-like protein YibF
[12:42:39] Modify product: Probable transport protein HsrA => putative transport protein HsrA
[12:42:39] Modify product: Uncharacterized ABC transporter ATP-binding protein Rv0986 => putative ABC transporter ATP-binding protein
[12:42:39] Modify product: Phosphorylated carbohydrates phosphatase TM_1254 => Phosphorylated carbohydrates phosphatase
[12:42:39] Modify product: Uncharacterized FAD-linked oxidoreductase Rv2280 => putative FAD-linked oxidoreductase
[12:42:39] Modify product: Probable protein kinase UbiB => putative protein kinase UbiB
[12:42:39] Modify product: Probable ATP-dependent transporter SufC => putative ATP-dependent transporter SufC
[12:42:39] Modify product: Uncharacterized ABC transporter ATP-binding protein YheS => putative ABC transporter ATP-binding protein YheS
[12:42:39] Modify product: Probable FMNH2-dependent monooxygenase SfnC => putative FMNH2-dependent monooxygenase SfnC
[12:42:39] Modify product: Probable L-asparaginase periplasmic => putative L-asparaginase periplasmic
[12:42:39] Modify product: UPF0235 protein YggU => hypothetical protein
[12:42:39] Modify product: Uncharacterized signaling protein CC_0091 => putative signaling protein
[12:42:39] Modify product: Uncharacterized protein YisK => putative protein YisK
[12:42:39] Modify product: Probable sulfoacetate--CoA ligase => putative sulfoacetate--CoA ligase
[12:42:39] Modify product: Probable sulfoacetate transporter SauU => putative sulfoacetate transporter SauU
[12:42:39] Modify product: Uncharacterized protein Rv2569c => putative protein
[12:42:39] Modify product: Uncharacterized protein Rv2567 => putative protein
[12:42:39] Modify product: Uncharacterized protein Rv2568c => putative protein
[12:42:39] Modify product: Probable sulfate transporter Rv1739c => putative sulfate transporter
[12:42:39] Modify product: Tellurite resistance protein TehA homolog => Tellurite resistance protein TehA 
[12:42:39] Modify product: Probable zinc-binding alcohol dehydrogenase Rv1895 => putative zinc-binding alcohol dehydrogenase
[12:42:39] Modify product: Probable 3-phenylpropionic acid transporter => putative 3-phenylpropionic acid transporter
[12:42:39] Modify product: Probable RNA polymerase sigma factor FecI => putative RNA polymerase sigma factor FecI
[12:42:39] Modify product: Leu/Ile/Val-binding protein homolog 3 => Leu/Ile/Val-binding protein 
[12:42:39] Modify product: Uncharacterized FAD-linked oxidoreductase Rv2280 => putative FAD-linked oxidoreductase
[12:42:39] Cleaned 155 /product names
[12:42:39] Deleting unwanted file: prokkaResults/PROKKA_11082020.sprot.tmp.4015.faa
[12:42:39] Deleting unwanted file: prokkaResults/PROKKA_11082020.sprot.tmp.4015.blast
[12:42:39] There are still 3019 unannotated CDS left (started with 4996)
[12:42:39] Will use hmmer3 to search against /root/miniconda3/db/hmm/HAMAP.hmm with 64 CPUs
[12:42:39] Running: cat prokkaResults\/PROKKA_11082020\.HAMAP\.hmm\.tmp\.4015\.faa | parallel --gnu --plain -j 64 --block 6692 --recstart '>' --pipe hmmscan --noali --notextw --acc -E 1e-09 --cpu 1 /root/miniconda3/db/hmm/HAMAP.hmm /dev/stdin > prokkaResults\/PROKKA_11082020\.HAMAP\.hmm\.tmp\.4015\.hmmer3 2> /dev/null
[12:54:05] Modify product: Uncharacterized Nudix hydrolase NudL => putative Nudix hydrolase NudL
[12:54:05] Modify product: Uncharacterized MFS-type transporter YcaD => putative MFS-type transporter YcaD
[12:54:05] Cleaned 2 /product names
[12:54:05] Deleting unwanted file: prokkaResults/PROKKA_11082020.HAMAP.hmm.tmp.4015.faa
[12:54:05] Deleting unwanted file: prokkaResults/PROKKA_11082020.HAMAP.hmm.tmp.4015.hmmer3
[12:54:05] Labelling remaining 2666 proteins as 'hypothetical protein'
[12:54:05] Possible /pseudo 'IS3 family transposase ISMdi3' at 1 position 72850
[12:54:05] Possible /pseudo 'IS3 family transposase ISMdi3' at 1 position 82155
[12:54:05] Possible /pseudo 'Glutamine synthetase' at 1 position 233847
[12:54:05] Possible /pseudo 'Multidrug resistance protein MdtB' at 1 position 418581
[12:54:05] Possible /pseudo 'Coenzyme PQQ synthesis protein A' at 3 position 77523
[12:54:05] Possible /pseudo 'Circadian clock protein KaiB' at 3 position 223355
[12:54:05] Possible /pseudo 'ATP synthase subunit b' at 4 position 111600
[12:54:05] Possible /pseudo 'IS3 family transposase ISMtsp5' at 4 position 175812
[12:54:05] Possible /pseudo 'Nitrate/nitrite binding protein NrtA' at 5 position 77638
[12:54:05] Possible /pseudo 'IS256 family transposase ISMtsp13' at 6 position 103600
[12:54:05] Possible /pseudo 'IS3 family transposase ISMch5' at 6 position 124648
[12:54:05] Possible /pseudo 'IS1182 family transposase ISMex36' at 7 position 138764
[12:54:05] Possible /pseudo 'Sensor histidine kinase RcsC' at 11 position 120092
[12:54:05] Possible /pseudo 'IS3 family transposase ISMch5' at 12 position 89966
[12:54:05] Possible /pseudo 'Putative protein-methionine-sulfoxide reductase subunit YedZ1' at 12 position 117839
[12:54:05] Possible /pseudo 'Cytochrome b/c1' at 15 position 10767
[12:54:05] Possible /pseudo 'Oleate hydratase' at 19 position 12783
[12:54:05] Possible /pseudo 'Urease subunit alpha' at 19 position 17162
[12:54:05] Possible /pseudo 'Oxalate:formate antiporter' at 19 position 35601
[12:54:05] Possible /pseudo 'F420-dependent glucose-6-phosphate dehydrogenase' at 19 position 107936
[12:54:05] Possible /pseudo 'IS3 family transposase ISMex11' at 20 position 12474
[12:54:05] Possible /pseudo 'putative protein' at 22 position 54694
[12:54:05] Possible /pseudo 'Putative aliphatic sulfonates-binding protein' at 22 position 65986
[12:54:05] Possible /pseudo 'Transcriptional regulatory protein LnrK' at 24 position 41250
[12:54:05] Possible /pseudo 'Putative fluoride ion transporter CrcB' at 25 position 48505
[12:54:05] Possible /pseudo 'Tyrosine recombinase XerC' at 29 position 24124
[12:54:05] Possible /pseudo 'Vitamin B12 transport ATP-binding protein BacA' at 34 position 29683
[12:54:05] Possible /pseudo 'IS3 family transposase ISMra1' at 35 position 24432
[12:54:05] Possible /pseudo 'IS3 family transposase ISPmar2' at 40 position 29969
[12:54:05] Possible /pseudo 'ISL3 family transposase ISMdi2' at 43 position 2028
[12:54:05] Possible /pseudo 'D-inositol-3-phosphate glycosyltransferase' at 43 position 15092
[12:54:05] Possible /pseudo 'Peroxyureidoacrylate/ureidoacrylate amidohydrolase RutB' at 44 position 21862
[12:54:05] Possible /pseudo 'IS630 family transposase ISMex41' at 45 position 21772
[12:54:05] Possible /pseudo 'Aldehyde reductase YahK' at 51 position 1436
[12:54:05] Possible /pseudo 'Pyridoxine 4-dehydrogenase' at 58 position 5346
[12:54:05] Possible /pseudo 'IS3 family transposase ISMdi16' at 60 position 4602
[12:54:05] Possible /pseudo 'IS3 family transposase ISMdi5' at 79 position 387
[12:54:05] Found 1596 unique /gene codes.
[12:54:05] Fixed 2 duplicate /gene - groL5_1 groL5_2
[12:54:05] Fixed 2 duplicate /gene - rnd_1 rnd_2
[12:54:05] Fixed 3 duplicate /gene - czcA_1 czcA_2 czcA_3
[12:54:05] Fixed 2 duplicate /gene - nemA_1 nemA_2
[12:54:05] Fixed 2 duplicate /gene - ohrR_1 ohrR_2
[12:54:05] Fixed 3 duplicate /gene - pqqA_1 pqqA_2 pqqA_3
[12:54:05] Fixed 2 duplicate /gene - lutA_1 lutA_2
[12:54:05] Fixed 3 duplicate /gene - fae_1 fae_2 fae_3
[12:54:05] Fixed 2 duplicate /gene - prmC_1 prmC_2
[12:54:05] Fixed 2 duplicate /gene - rhtB_1 rhtB_2
[12:54:05] Fixed 3 duplicate /gene - fhuA_1 fhuA_2 fhuA_3
[12:54:05] Fixed 2 duplicate /gene - flhA_1 flhA_2
[12:54:05] Fixed 6 duplicate /gene - ssuC_1 ssuC_2 ssuC_3 ssuC_4 ssuC_5 ssuC_6
[12:54:05] Fixed 2 duplicate /gene - fabI_1 fabI_2
[12:54:05] Fixed 2 duplicate /gene - fdm_1 fdm_2
[12:54:05] Fixed 2 duplicate /gene - hipO_1 hipO_2
[12:54:05] Fixed 3 duplicate /gene - exaE_1 exaE_2 exaE_3
[12:54:05] Fixed 2 duplicate /gene - treP_1 treP_2
[12:54:05] Fixed 2 duplicate /gene - divK_1 divK_2
[12:54:05] Fixed 3 duplicate /gene - ssuB_1 ssuB_2 ssuB_3
[12:54:05] Fixed 2 duplicate /gene - menE_1 menE_2
[12:54:05] Fixed 2 duplicate /gene - ftcR_1 ftcR_2
[12:54:05] Fixed 3 duplicate /gene - dnaK_1 dnaK_2 dnaK_3
[12:54:05] Fixed 2 duplicate /gene - xthA_1 xthA_2
[12:54:05] Fixed 2 duplicate /gene - ubiL_1 ubiL_2
[12:54:05] Fixed 2 duplicate /gene - grpE_1 grpE_2
[12:54:05] Fixed 2 duplicate /gene - hcaT_1 hcaT_2
[12:54:05] Fixed 2 duplicate /gene - dmdC_1 dmdC_2
[12:54:05] Fixed 2 duplicate /gene - egtD_1 egtD_2
[12:54:05] Fixed 2 duplicate /gene - garR_1 garR_2
[12:54:05] Fixed 4 duplicate /gene - yjiA_1 yjiA_2 yjiA_3 yjiA_4
[12:54:05] Fixed 3 duplicate /gene - yhdG_1 yhdG_2 yhdG_3
[12:54:05] Fixed 5 duplicate /gene - ftsH_1 ftsH_2 ftsH_3 ftsH_4 ftsH_5
[12:54:05] Fixed 7 duplicate /gene - dmlR_1 dmlR_2 dmlR_3 dmlR_4 dmlR_5 dmlR_6 dmlR_7
[12:54:05] Fixed 2 duplicate /gene - nsrR_1 nsrR_2
[12:54:05] Fixed 5 duplicate /gene - mdtB_1 mdtB_2 mdtB_3 mdtB_4 mdtB_5
[12:54:05] Fixed 5 duplicate /gene - lptB_1 lptB_2 lptB_3 lptB_4 lptB_5
[12:54:05] Fixed 2 duplicate /gene - proP_1 proP_2
[12:54:05] Fixed 2 duplicate /gene - feaR_1 feaR_2
[12:54:05] Fixed 3 duplicate /gene - moaA_1 moaA_2 moaA_3
[12:54:05] Fixed 3 duplicate /gene - sucD_1 sucD_2 sucD_3
[12:54:05] Fixed 3 duplicate /gene - ibpA_1 ibpA_2 ibpA_3
[12:54:05] Fixed 2 duplicate /gene - egtC_1 egtC_2
[12:54:05] Fixed 2 duplicate /gene - rsmB_1 rsmB_2
[12:54:05] Fixed 2 duplicate /gene - crnA_1 crnA_2
[12:54:05] Fixed 2 duplicate /gene - frc_1 frc_2
[12:54:05] Fixed 2 duplicate /gene - bacA_1 bacA_2
[12:54:05] Fixed 6 duplicate /gene - mtgA_1 mtgA_2 mtgA_3 mtgA_4 mtgA_5 mtgA_6
[12:54:05] Fixed 2 duplicate /gene - kefC_1 kefC_2
[12:54:05] Fixed 10 duplicate /gene - btuD_1 btuD_2 btuD_3 btuD_4 btuD_5 btuD_6 btuD_7 btuD_8 btuD_9 btuD_10
[12:54:05] Fixed 3 duplicate /gene - actP_1 actP_2 actP_3
[12:54:05] Fixed 2 duplicate /gene - bamA_1 bamA_2
[12:54:05] Fixed 5 duplicate /gene - COQ5_1 COQ5_2 COQ5_3 COQ5_4 COQ5_5
[12:54:05] Fixed 2 duplicate /gene - yhjE_1 yhjE_2
[12:54:05] Fixed 3 duplicate /gene - clcA_1 clcA_2 clcA_3
[12:54:05] Fixed 2 duplicate /gene - erfK_1 erfK_2
[12:54:05] Fixed 3 duplicate /gene - lnrK_1 lnrK_2 lnrK_3
[12:54:05] Fixed 2 duplicate /gene - iorB_1 iorB_2
[12:54:05] Fixed 3 duplicate /gene - paoC_1 paoC_2 paoC_3
[12:54:05] Fixed 3 duplicate /gene - zwf_1 zwf_2 zwf_3
[12:54:05] Fixed 2 duplicate /gene - kup_1 kup_2
[12:54:05] Fixed 2 duplicate /gene - mch_1 mch_2
[12:54:05] Fixed 2 duplicate /gene - rutF_1 rutF_2
[12:54:05] Fixed 3 duplicate /gene - flgG_1 flgG_2 flgG_3
[12:54:05] Fixed 2 duplicate /gene - flgH_1 flgH_2
[12:54:05] Fixed 4 duplicate /gene - rspR_1 rspR_2 rspR_3 rspR_4
[12:54:05] Fixed 2 duplicate /gene - yvdM_1 yvdM_2
[12:54:05] Fixed 3 duplicate /gene - paoA_1 paoA_2 paoA_3
[12:54:05] Fixed 3 duplicate /gene - pal_1 pal_2 pal_3
[12:54:05] Fixed 8 duplicate /gene - fabG_1 fabG_2 fabG_3 fabG_4 fabG_5 fabG_6 fabG_7 fabG_8
[12:54:05] Fixed 2 duplicate /gene - rfbC_1 rfbC_2
[12:54:05] Fixed 2 duplicate /gene - ihfB_1 ihfB_2
[12:54:05] Fixed 3 duplicate /gene - yajO_1 yajO_2 yajO_3
[12:54:05] Fixed 2 duplicate /gene - moxF_1 moxF_2
[12:54:05] Fixed 3 duplicate /gene - paoB_1 paoB_2 paoB_3
[12:54:05] Fixed 2 duplicate /gene - yegS_1 yegS_2
[12:54:05] Fixed 2 duplicate /gene - msrB_1 msrB_2
[12:54:05] Fixed 3 duplicate /gene - yfcG_1 yfcG_2 yfcG_3
[12:54:05] Fixed 2 duplicate /gene - sauU_1 sauU_2
[12:54:05] Fixed 2 duplicate /gene - tdh_1 tdh_2
[12:54:05] Fixed 2 duplicate /gene - gph_1 gph_2
[12:54:05] Fixed 2 duplicate /gene - rlmB_1 rlmB_2
[12:54:05] Fixed 2 duplicate /gene - kpsM_1 kpsM_2
[12:54:05] Fixed 2 duplicate /gene - xerD_1 xerD_2
[12:54:05] Fixed 2 duplicate /gene - bfrD_1 bfrD_2
[12:54:05] Fixed 2 duplicate /gene - clpB_1 clpB_2
[12:54:05] Fixed 2 duplicate /gene - mfd_1 mfd_2
[12:54:05] Fixed 2 duplicate /gene - rsxB_1 rsxB_2
[12:54:05] Fixed 2 duplicate /gene - sgaA_1 sgaA_2
[12:54:05] Fixed 2 duplicate /gene - fliG_1 fliG_2
[12:54:05] Fixed 4 duplicate /gene - gltC_1 gltC_2 gltC_3 gltC_4
[12:54:05] Fixed 3 duplicate /gene - uvrA_1 uvrA_2 uvrA_3
[12:54:05] Fixed 2 duplicate /gene - corA_1 corA_2
[12:54:05] Fixed 2 duplicate /gene - smc_1 smc_2
[12:54:05] Fixed 3 duplicate /gene - exbD_1 exbD_2 exbD_3
[12:54:05] Fixed 3 duplicate /gene - bepA_1 bepA_2 bepA_3
[12:54:05] Fixed 2 duplicate /gene - dxs_1 dxs_2
[12:54:05] Fixed 2 duplicate /gene - hdfR_1 hdfR_2
[12:54:05] Fixed 3 duplicate /gene - cspA_1 cspA_2 cspA_3
[12:54:05] Fixed 2 duplicate /gene - secA_1 secA_2
[12:54:05] Fixed 2 duplicate /gene - recB_1 recB_2
[12:54:05] Fixed 2 duplicate /gene - pucM_1 pucM_2
[12:54:05] Fixed 2 duplicate /gene - nagL_1 nagL_2
[12:54:05] Fixed 2 duplicate /gene - atpF_1 atpF_2
[12:54:05] Fixed 2 duplicate /gene - yahK_1 yahK_2
[12:54:05] Fixed 2 duplicate /gene - adh_1 adh_2
[12:54:05] Fixed 2 duplicate /gene - atm1_1 atm1_2
[12:54:05] Fixed 5 duplicate /gene - oxlT_1 oxlT_2 oxlT_3 oxlT_4 oxlT_5
[12:54:05] Fixed 3 duplicate /gene - cmpD_1 cmpD_2 cmpD_3
[12:54:05] Fixed 2 duplicate /gene - bepG_1 bepG_2
[12:54:05] Fixed 2 duplicate /gene - fabH_1 fabH_2
[12:54:05] Fixed 3 duplicate /gene - ompR_1 ompR_2 ompR_3
[12:54:05] Fixed 2 duplicate /gene - pepA_1 pepA_2
[12:54:05] Fixed 4 duplicate /gene - trxB_1 trxB_2 trxB_3 trxB_4
[12:54:05] Fixed 2 duplicate /gene - katA_1 katA_2
[12:54:05] Fixed 2 duplicate /gene - flgE_1 flgE_2
[12:54:05] Fixed 2 duplicate /gene - murJ_1 murJ_2
[12:54:05] Fixed 2 duplicate /gene - lcfB_1 lcfB_2
[12:54:05] Fixed 2 duplicate /gene - algA_1 algA_2
[12:54:05] Fixed 2 duplicate /gene - kaiC_1 kaiC_2
[12:54:05] Fixed 3 duplicate /gene - oxyR_1 oxyR_2 oxyR_3
[12:54:05] Fixed 3 duplicate /gene - ydhP_1 ydhP_2 ydhP_3
[12:54:05] Fixed 3 duplicate /gene - cydB_1 cydB_2 cydB_3
[12:54:05] Fixed 4 duplicate /gene - metXA_1 metXA_2 metXA_3 metXA_4
[12:54:05] Fixed 5 duplicate /gene - rutB_1 rutB_2 rutB_3 rutB_4 rutB_5
[12:54:05] Fixed 2 duplicate /gene - prfB_1 prfB_2
[12:54:05] Fixed 2 duplicate /gene - selO_1 selO_2
[12:54:05] Fixed 2 duplicate /gene - yfkM_1 yfkM_2
[12:54:05] Fixed 6 duplicate /gene - livF_1 livF_2 livF_3 livF_4 livF_5 livF_6
[12:54:05] Fixed 3 duplicate /gene - ureG_1 ureG_2 ureG_3
[12:54:05] Fixed 3 duplicate /gene - ureF_1 ureF_2 ureF_3
[12:54:05] Fixed 2 duplicate /gene - cobB_1 cobB_2
[12:54:05] Fixed 2 duplicate /gene - flbT_1 flbT_2
[12:54:05] Fixed 4 duplicate /gene - cpdA_1 cpdA_2 cpdA_3 cpdA_4
[12:54:05] Fixed 2 duplicate /gene - soxD_1 soxD_2
[12:54:05] Fixed 2 duplicate /gene - ftsK_1 ftsK_2
[12:54:05] Fixed 3 duplicate /gene - cheB_1 cheB_2 cheB_3
[12:54:05] Fixed 2 duplicate /gene - yheS_1 yheS_2
[12:54:05] Fixed 6 duplicate /gene - bepF_1 bepF_2 bepF_3 bepF_4 bepF_5 bepF_6
[12:54:05] Fixed 3 duplicate /gene - sucC_1 sucC_2 sucC_3
[12:54:05] Fixed 2 duplicate /gene - mcd_1 mcd_2
[12:54:05] Fixed 2 duplicate /gene - ephA_1 ephA_2
[12:54:05] Fixed 2 duplicate /gene - soxA_1 soxA_2
[12:54:05] Fixed 2 duplicate /gene - pdxH_1 pdxH_2
[12:54:05] Fixed 2 duplicate /gene - yciF_1 yciF_2
[12:54:05] Fixed 11 duplicate /gene - mshA_1 mshA_2 mshA_3 mshA_4 mshA_5 mshA_6 mshA_7 mshA_8 mshA_9 mshA_10 mshA_11
[12:54:05] Fixed 2 duplicate /gene - dctB_1 dctB_2
[12:54:05] Fixed 2 duplicate /gene - dctA_1 dctA_2
[12:54:05] Fixed 2 duplicate /gene - qbdA_1 qbdA_2
[12:54:05] Fixed 2 duplicate /gene - sufS_1 sufS_2
[12:54:05] Fixed 3 duplicate /gene - gltX_1 gltX_2 gltX_3
[12:54:05] Fixed 2 duplicate /gene - ureC_1 ureC_2
[12:54:05] Fixed 2 duplicate /gene - flgC_1 flgC_2
[12:54:05] Fixed 2 duplicate /gene - nasA_1 nasA_2
[12:54:05] Fixed 2 duplicate /gene - phoP_1 phoP_2
[12:54:05] Fixed 2 duplicate /gene - aaeA_1 aaeA_2
[12:54:05] Fixed 3 duplicate /gene - vgb_1 vgb_2 vgb_3
[12:54:05] Fixed 3 duplicate /gene - cheY_1 cheY_2 cheY_3
[12:54:05] Fixed 3 duplicate /gene - rpfG_1 rpfG_2 rpfG_3
[12:54:05] Fixed 4 duplicate /gene - ssuA_1 ssuA_2 ssuA_3 ssuA_4
[12:54:05] Fixed 2 duplicate /gene - inhA_1 inhA_2
[12:54:05] Fixed 4 duplicate /gene - oprB_1 oprB_2 oprB_3 oprB_4
[12:54:05] Fixed 2 duplicate /gene - braC_1 braC_2
[12:54:05] Fixed 3 duplicate /gene - fmt_1 fmt_2 fmt_3
[12:54:05] Fixed 2 duplicate /gene - degP_1 degP_2
[12:54:05] Fixed 3 duplicate /gene - gfo_1 gfo_2 gfo_3
[12:54:05] Fixed 2 duplicate /gene - carB_1 carB_2
[12:54:05] Fixed 2 duplicate /gene - crtK-2_1 crtK-2_2
[12:54:05] Fixed 2 duplicate /gene - cmpB_1 cmpB_2
[12:54:05] Fixed 2 duplicate /gene - hisA_1 hisA_2
[12:54:05] Fixed 2 duplicate /gene - cysE_1 cysE_2
[12:54:05] Fixed 2 duplicate /gene - xpkA_1 xpkA_2
[12:54:05] Fixed 2 duplicate /gene - msrA_1 msrA_2
[12:54:05] Fixed 4 duplicate /gene - acsA_1 acsA_2 acsA_3 acsA_4
[12:54:05] Fixed 2 duplicate /gene - flhB_1 flhB_2
[12:54:05] Fixed 2 duplicate /gene - hemA_1 hemA_2
[12:54:05] Fixed 2 duplicate /gene - suhB_1 suhB_2
[12:54:05] Fixed 2 duplicate /gene - hisN_1 hisN_2
[12:54:05] Fixed 2 duplicate /gene - fliF_1 fliF_2
[12:54:05] Fixed 2 duplicate /gene - pstB_1 pstB_2
[12:54:05] Fixed 12 duplicate /gene - sasA_1 sasA_2 sasA_3 sasA_4 sasA_5 sasA_6 sasA_7 sasA_8 sasA_9 sasA_10 sasA_11 sasA_12
[12:54:05] Fixed 2 duplicate /gene - yabJ_1 yabJ_2
[12:54:05] Fixed 2 duplicate /gene - atoC_1 atoC_2
[12:54:05] Fixed 4 duplicate /gene - cckA_1 cckA_2 cckA_3 cckA_4
[12:54:05] Fixed 2 duplicate /gene - ureE_1 ureE_2
[12:54:05] Fixed 2 duplicate /gene - fabF_1 fabF_2
[12:54:05] Fixed 2 duplicate /gene - fabD_1 fabD_2
[12:54:05] Fixed 2 duplicate /gene - ydeP_1 ydeP_2
[12:54:05] Fixed 2 duplicate /gene - blh_1 blh_2
[12:54:05] Fixed 2 duplicate /gene - uppS_1 uppS_2
[12:54:05] Fixed 2 duplicate /gene - dsbD_1 dsbD_2
[12:54:05] Fixed 2 duplicate /gene - soxB_1 soxB_2
[12:54:05] Fixed 2 duplicate /gene - btuB_1 btuB_2
[12:54:05] Fixed 4 duplicate /gene - amiC_1 amiC_2 amiC_3 amiC_4
[12:54:05] Fixed 2 duplicate /gene - miaB_1 miaB_2
[12:54:05] Fixed 2 duplicate /gene - ackA_1 ackA_2
[12:54:05] Fixed 3 duplicate /gene - virS_1 virS_2 virS_3
[12:54:05] Fixed 2 duplicate /gene - purF_1 purF_2
[12:54:05] Fixed 4 duplicate /gene - iorA_1 iorA_2 iorA_3 iorA_4
[12:54:05] Fixed 3 duplicate /gene - fcl_1 fcl_2 fcl_3
[12:54:05] Fixed 2 duplicate /gene - rutD_1 rutD_2
[12:54:05] Fixed 8 duplicate /gene - recD2_1 recD2_2 recD2_3 recD2_4 recD2_5 recD2_6 recD2_7 recD2_8
[12:54:05] Fixed 2 duplicate /gene - ldhA_1 ldhA_2
[12:54:05] Fixed 3 duplicate /gene - gloA_1 gloA_2 gloA_3
[12:54:05] Fixed 2 duplicate /gene - lov_1 lov_2
[12:54:05] Fixed 12 duplicate /gene - xerC_1 xerC_2 xerC_3 xerC_4 xerC_5 xerC_6 xerC_7 xerC_8 xerC_9 xerC_10 xerC_11 xerC_12
[12:54:05] Fixed 2 duplicate /gene - vdcA_1 vdcA_2
[12:54:05] Fixed 2 duplicate /gene - gatA_1 gatA_2
[12:54:05] Fixed 3 duplicate /gene - sfnC_1 sfnC_2 sfnC_3
[12:54:05] Fixed 4 duplicate /gene - cdhR_1 cdhR_2 cdhR_3 cdhR_4
[12:54:05] Fixed 2 duplicate /gene - minC_1 minC_2
[12:54:05] Fixed 2 duplicate /gene - fixL_1 fixL_2
[12:54:05] Fixed 2 duplicate /gene - nrtA_1 nrtA_2
[12:54:05] Fixed 2 duplicate /gene - nadK_1 nadK_2
[12:54:05] Fixed 21 duplicate /gene - rcsC_1 rcsC_2 rcsC_3 rcsC_4 rcsC_5 rcsC_6 rcsC_7 rcsC_8 rcsC_9 rcsC_10 rcsC_11 rcsC_12 rcsC_13 rcsC_14 rcsC_15 rcsC_16 rcsC_17 rcsC_18 rcsC_19 rcsC_20 rcsC_21
[12:54:05] Fixed 2 duplicate /gene - dapA_1 dapA_2
[12:54:05] Fixed 3 duplicate /gene - hisC_1 hisC_2 hisC_3
[12:54:05] Fixed 3 duplicate /gene - ubiB_1 ubiB_2 ubiB_3
[12:54:05] Fixed 2 duplicate /gene - clpP_1 clpP_2
[12:54:05] Fixed 2 duplicate /gene - cysA_1 cysA_2
[12:54:05] Fixed 2 duplicate /gene - fecR_1 fecR_2
[12:54:05] Fixed 2 duplicate /gene - kaiB_1 kaiB_2
[12:54:05] Fixed 3 duplicate /gene - gpmA_1 gpmA_2 gpmA_3
[12:54:05] Fixed 4 duplicate /gene - cntO_1 cntO_2 cntO_3 cntO_4
[12:54:05] Fixed 3 duplicate /gene - kce_1 kce_2 kce_3
[12:54:05] Fixed 2 duplicate /gene - gstB_1 gstB_2
[12:54:05] Fixed 2 duplicate /gene - radA_1 radA_2
[12:54:05] Fixed 2 duplicate /gene - fbcH_1 fbcH_2
[12:54:05] Fixed 2 duplicate /gene - fliE_1 fliE_2
[12:54:05] Fixed 2 duplicate /gene - dnaJ_1 dnaJ_2
[12:54:05] Fixed 2 duplicate /gene - mhpC_1 mhpC_2
[12:54:05] Fixed 3 duplicate /gene - pleD_1 pleD_2 pleD_3
[12:54:05] Fixed 2 duplicate /gene - ohyA_1 ohyA_2
[12:54:05] Fixed 2 duplicate /gene - rpoH_1 rpoH_2
[12:54:05] Fixed 2 duplicate /gene - fliP_1 fliP_2
[12:54:05] Fixed 2 duplicate /gene - ppc_1 ppc_2
[12:54:05] Fixed 2 duplicate /gene - thcD_1 thcD_2
[12:54:05] Fixed 3 duplicate /gene - lexA_1 lexA_2 lexA_3
[12:54:05] Fixed 2 duplicate /gene - gloB_1 gloB_2
[12:54:05] Fixed 2 duplicate /gene - decR_1 decR_2
[12:54:05] Fixed 2 duplicate /gene - glgX_1 glgX_2
[12:54:05] Fixed 2 duplicate /gene - cbpA_1 cbpA_2
[12:54:05] Fixed 3 duplicate /gene - ros_1 ros_2 ros_3
[12:54:05] Fixed 3 duplicate /gene - mdoG_1 mdoG_2 mdoG_3
[12:54:05] Fixed 2 duplicate /gene - ureA_1 ureA_2
[12:54:05] Fixed 4 duplicate /gene - mdtA_1 mdtA_2 mdtA_3 mdtA_4
[12:54:05] Fixed 2 duplicate /gene - cpdR_1 cpdR_2
[12:54:05] Fixed 3 duplicate /gene - ureD_1 ureD_2 ureD_3
[12:54:05] Fixed 2 duplicate /gene - amiD_1 amiD_2
[12:54:05] Fixed 3 duplicate /gene - pcm_1 pcm_2 pcm_3
[12:54:05] Fixed 3 duplicate /gene - moeA_1 moeA_2 moeA_3
[12:54:05] Fixed 2 duplicate /gene - dctD_1 dctD_2
[12:54:05] Fixed 2 duplicate /gene - flgI_1 flgI_2
[12:54:05] Fixed 2 duplicate /gene - qorA_1 qorA_2
[12:54:05] Fixed 2 duplicate /gene - dapE_1 dapE_2
[12:54:05] Fixed 2 duplicate /gene - fixK_1 fixK_2
[12:54:05] Fixed 3 duplicate /gene - crcB_1 crcB_2 crcB_3
[12:54:05] Fixed 2 duplicate /gene - ilvE_1 ilvE_2
[12:54:05] Fixed 2 duplicate /gene - pdxI_1 pdxI_2
[12:54:05] Fixed 2 duplicate /gene - fadD_1 fadD_2
[12:54:05] Fixed 2 duplicate /gene - rhaR_1 rhaR_2
[12:54:05] Fixed 7 duplicate /gene - livH_1 livH_2 livH_3 livH_4 livH_5 livH_6 livH_7
[12:54:05] Fixed 2 duplicate /gene - cysL_1 cysL_2
[12:54:05] Fixed 2 duplicate /gene - crt_1 crt_2
[12:54:05] Fixed 3 duplicate /gene - fecI_1 fecI_2 fecI_3
[12:54:05] Fixed 2 duplicate /gene - rlpA_1 rlpA_2
[12:54:05] Fixed 3 duplicate /gene - thiE_1 thiE_2 thiE_3
[12:54:05] Fixed 3 duplicate /gene - tolQ_1 tolQ_2 tolQ_3
[12:54:05] Fixed 2 duplicate /gene - ilvD_1 ilvD_2
[12:54:05] Fixed 2 duplicate /gene - rhlE_1 rhlE_2
[12:54:05] Fixed 2 duplicate /gene - aspC_1 aspC_2
[12:54:05] Fixed 2 duplicate /gene - crp_1 crp_2
[12:54:05] Fixed 2 duplicate /gene - xseA_1 xseA_2
[12:54:05] Fixed 3 duplicate /gene - yedY1_1 yedY1_2 yedY1_3
[12:54:05] Fixed 2 duplicate /gene - aes_1 aes_2
[12:54:05] Fixed 2 duplicate /gene - pgrR_1 pgrR_2
[12:54:05] Fixed 2 duplicate /gene - serA_1 serA_2
[12:54:05] Fixed 2 duplicate /gene - cysK_1 cysK_2
[12:54:05] Fixed 2 duplicate /gene - hin_1 hin_2
[12:54:05] Fixed 2 duplicate /gene - pucC_1 pucC_2
[12:54:05] Fixed 280 colliding /gene names.
[12:54:05] Adding /locus_tag identifiers
[12:54:06] Assigned 5049 locus_tags to CDS and RNA features.
[12:54:06] Writing outputs to prokkaResults/
[12:54:07] Generating annotation statistics file
[12:54:07] Generating Genbank and Sequin files
[12:54:07] Running: tbl2asn -V b -a r10k -l paired-ends -M n -N 1 -y 'Annotated using prokka 1.14.6 from https://github.com/tseemann/prokka' -Z prokkaResults\/PROKKA_11082020\.err -i prokkaResults\/PROKKA_11082020\.fsa 2> /dev/null
[12:54:16] Deleting unwanted file: prokkaResults/errorsummary.val
[12:54:16] Deleting unwanted file: prokkaResults/PROKKA_11082020.dr
[12:54:16] Deleting unwanted file: prokkaResults/PROKKA_11082020.fixedproducts
[12:54:16] Deleting unwanted file: prokkaResults/PROKKA_11082020.ecn
[12:54:16] Deleting unwanted file: prokkaResults/PROKKA_11082020.val
[12:54:16] Repairing broken .GBK output that tbl2asn produces...
[12:54:16] Running: sed 's/COORDINATES: profile/COORDINATES:profile/' < prokkaResults\/PROKKA_11082020\.gbf > prokkaResults\/PROKKA_11082020\.gbk
[12:54:16] Deleting unwanted file: prokkaResults/PROKKA_11082020.gbf
[12:54:16] Output files:
[12:54:16] prokkaResults/PROKKA_11082020.err
[12:54:16] prokkaResults/PROKKA_11082020.faa
[12:54:16] prokkaResults/PROKKA_11082020.ffn
[12:54:16] prokkaResults/PROKKA_11082020.fna
[12:54:16] prokkaResults/PROKKA_11082020.fsa
[12:54:16] prokkaResults/PROKKA_11082020.gbk
[12:54:16] prokkaResults/PROKKA_11082020.gff
[12:54:16] prokkaResults/PROKKA_11082020.log
[12:54:16] prokkaResults/PROKKA_11082020.sqn
[12:54:16] prokkaResults/PROKKA_11082020.tbl
[12:54:16] prokkaResults/PROKKA_11082020.tsv
[12:54:16] prokkaResults/PROKKA_11082020.txt
[12:54:16] Annotation finished successfully.
[12:54:16] Walltime used: 12.20 minutes
[12:54:16] If you use this result please cite the Prokka paper:
[12:54:16] Seemann T (2014) Prokka: rapid prokaryotic genome annotation. Bioinformatics. 30(14):2068-9.
[12:54:16] Type 'prokka --citation' for more details.
[12:54:16] Thank you, come again.
